Using pre-set license
Built from '2020.3/staging' branch; Version is '2020.3.28f1 (f5400f52e03f) revision 16072719'; Using compiler version '192528614'; Build Type 'Release'
OS: 'Windows 10  (10.0.19044) 64bit CoreSingleLanguage' Language: 'ru' Physical Memory: 16146 MB
BatchMode: 1, IsHumanControllingUs: 0, StartBugReporterOnCrash: 0, Is64bit: 1, IsPro: 0

COMMAND LINE ARGUMENTS:
C:\Program Files\Unity\Hub\Editor\2020.3.28f1\Editor\Unity.exe
-adb2
-batchMode
-noUpm
-name
AssetImportWorker0
-projectPath
C:/Users/bi4ok/first_hw
-logFile
Logs/AssetImportWorker0.log
-srvPort
51387
Successfully changed project path to: C:/Users/bi4ok/first_hw
C:/Users/bi4ok/first_hw
Using Asset Import Pipeline V2.
Refreshing native plugins compatible for Editor in 27.82 ms, found 2 plugins.
Preloading 0 native plugins for Editor in 0.00 ms.
Initialize engine version: 2020.3.28f1 (f5400f52e03f)
[Subsystems] Discovering subsystems at path C:/Program Files/Unity/Hub/Editor/2020.3.28f1/Editor/Data/Resources/UnitySubsystems
[Subsystems] Discovering subsystems at path C:/Users/bi4ok/first_hw/Assets
GfxDevice: creating device client; threaded=0
Direct3D:
    Version:  Direct3D 11.0 [level 11.1]
    Renderer: NVIDIA GeForce RTX 3070 Laptop GPU (ID=0x24dd)
    Vendor:   
    VRAM:     8044 MB
    Driver:   30.0.14.7135
Initialize mono
Mono path[0] = 'C:/Program Files/Unity/Hub/Editor/2020.3.28f1/Editor/Data/Managed'
Mono path[1] = 'C:/Program Files/Unity/Hub/Editor/2020.3.28f1/Editor/Data/MonoBleedingEdge/lib/mono/unityjit'
Mono config path = 'C:/Program Files/Unity/Hub/Editor/2020.3.28f1/Editor/Data/MonoBleedingEdge/etc'
Using monoOptions --debugger-agent=transport=dt_socket,embedding=1,server=y,suspend=n,address=127.0.0.1:56060
Begin MonoManager ReloadAssembly
Registering precompiled unity dll's ...
Register platform support module: C:/Program Files/Unity/Hub/Editor/2020.3.28f1/Editor/Data/PlaybackEngines/WebGLSupport/UnityEditor.WebGL.Extensions.dll
Register platform support module: C:/Program Files/Unity/Hub/Editor/2020.3.28f1/Editor/Data/PlaybackEngines/WindowsStandaloneSupport/UnityEditor.WindowsStandalone.Extensions.dll
Registered in 0.002078 seconds.
Native extension for WindowsStandalone target not found
Native extension for WebGL target not found
Refreshing native plugins compatible for Editor in 26.57 ms, found 2 plugins.
Preloading 0 native plugins for Editor in 0.00 ms.
Mono: successfully reloaded assembly
- Completed reload, in  0.501 seconds
Domain Reload Profiling:
	ReloadAssembly (502ms)
		BeginReloadAssembly (58ms)
			ExecutionOrderSort (0ms)
			DisableScriptedObjects (0ms)
			BackupInstance (0ms)
			ReleaseScriptingObjects (0ms)
			CreateAndSetChildDomain (1ms)
		EndReloadAssembly (380ms)
			LoadAssemblies (56ms)
			RebuildTransferFunctionScriptingTraits (0ms)
			SetupTypeCache (129ms)
			ReleaseScriptCaches (0ms)
			RebuildScriptCaches (26ms)
			SetupLoadedEditorAssemblies (137ms)
				LogAssemblyErrors (0ms)
				InitializePlatformSupportModulesInManaged (4ms)
				SetLoadedEditorAssemblies (0ms)
				RefreshPlugins (27ms)
				BeforeProcessingInitializeOnLoad (7ms)
				ProcessInitializeOnLoadAttributes (72ms)
				ProcessInitializeOnLoadMethodAttributes (26ms)
				AfterProcessingInitializeOnLoad (0ms)
				EditorAssembliesLoaded (0ms)
			ExecutionOrderSort2 (0ms)
			AwakeInstancesAfterBackupRestoration (0ms)
Platform modules already initialized, skipping
Registering precompiled user dll's ...
Registered in 0.003680 seconds.
Begin MonoManager ReloadAssembly
Native extension for WindowsStandalone target not found
Native extension for WebGL target not found
Refreshing native plugins compatible for Editor in 0.28 ms, found 2 plugins.
Preloading 0 native plugins for Editor in 0.00 ms.
Mono: successfully reloaded assembly
- Completed reload, in  0.884 seconds
Domain Reload Profiling:
	ReloadAssembly (885ms)
		BeginReloadAssembly (138ms)
			ExecutionOrderSort (0ms)
			DisableScriptedObjects (4ms)
			BackupInstance (0ms)
			ReleaseScriptingObjects (0ms)
			CreateAndSetChildDomain (16ms)
		EndReloadAssembly (691ms)
			LoadAssemblies (83ms)
			RebuildTransferFunctionScriptingTraits (0ms)
			SetupTypeCache (259ms)
			ReleaseScriptCaches (0ms)
			RebuildScriptCaches (36ms)
			SetupLoadedEditorAssemblies (241ms)
				LogAssemblyErrors (0ms)
				InitializePlatformSupportModulesInManaged (4ms)
				SetLoadedEditorAssemblies (0ms)
				RefreshPlugins (0ms)
				BeforeProcessingInitializeOnLoad (45ms)
				ProcessInitializeOnLoadAttributes (179ms)
				ProcessInitializeOnLoadMethodAttributes (7ms)
				AfterProcessingInitializeOnLoad (5ms)
				EditorAssembliesLoaded (0ms)
			ExecutionOrderSort2 (0ms)
			AwakeInstancesAfterBackupRestoration (5ms)
Platform modules already initialized, skipping
========================================================================
Worker process is ready to serve import requests
Launched and connected shader compiler UnityShaderCompiler.exe after 0.06 seconds
Refreshing native plugins compatible for Editor in 0.34 ms, found 2 plugins.
Preloading 0 native plugins for Editor in 0.00 ms.
Unloading 1502 Unused Serialized files (Serialized files now loaded: 0)
System memory in use before: 67.5 MB.
System memory in use after: 67.6 MB.

Unloading 19 unused Assets to reduce memory usage. Loaded Objects now: 1934.
Total: 2.592800 ms (FindLiveObjects: 0.115400 ms CreateObjectMapping: 0.043400 ms MarkObjects: 2.376100 ms  DeleteObjects: 0.057300 ms)

AssetImportParameters requested are different than current active one (requested -> active):
  custom:framework-win-MediaFoundation: 216162199b28c13a410421893ffa2e32 -> 
  custom:video-decoder-ogg-theora: a1e56fd34408186e4bbccfd4996cb3dc -> 
  custom:container-muxer-webm: aa71ff27fc2769a1b78a27578f13a17b -> 
  custom:container-demuxer-webm: 4f35f7cbe854078d1ac9338744f61a02 -> 
  custom:container-demuxer-ogg: 62fdf1f143b41e24485cea50d1cbac27 -> 
  custom:video-encoder-webm-vp8: eb34c28f22e8b96e1ab97ce403110664 -> 
  custom:video-codec-MediaFoundation-h265: 746d11721c4dcdbdad8f713fa42b33f4 -> 
  custom:video-decoder-webm-vp8: 9c59270c3fd7afecdb556c50c9e8de78 -> 
  custom:audio-decoder-ogg-vorbis: bf7c407c2cedff20999df2af8eb42d56 -> 
  custom:audio-encoder-webm-vorbis: bf7c407c2cedff20999df2af8eb42d56 -> 
========================================================================
Received Import Request.
  path: Assets
  artifactKey: Guid(00000000000000001000000000000000) Importer(815301076,1909f56bfc062723c751e8b465ee728b)
Start importing Assets using Guid(00000000000000001000000000000000) Importer(815301076,1909f56bfc062723c751e8b465ee728b)  -> (artifact id: '42d402b061de3733987d63b9cc3b64de') in 0.008296 seconds 
  Import took 0.010471 seconds .

========================================================================
Received Import Request.
  Time since last request: 7.320566 seconds.
  path: Assets/earth.mat
  artifactKey: Guid(a1e413a0f961f2742a60c38360d71a2d) Importer(815301076,1909f56bfc062723c751e8b465ee728b)
Start importing Assets/earth.mat using Guid(a1e413a0f961f2742a60c38360d71a2d) Importer(815301076,1909f56bfc062723c751e8b465ee728b)  -> (artifact id: '274402f1fee0219bd500e77bcfb457f5') in 0.092198 seconds 
  Import took 0.094436 seconds .

========================================================================
Received Import Request.
  Time since last request: 435.986766 seconds.
  path: Assets/branch.mat
  artifactKey: Guid(ffb48b950fd0ddf4baed3e2dfc1a5e8c) Importer(815301076,1909f56bfc062723c751e8b465ee728b)
Start importing Assets/branch.mat using Guid(ffb48b950fd0ddf4baed3e2dfc1a5e8c) Importer(815301076,1909f56bfc062723c751e8b465ee728b)  -> (artifact id: '3c12e2308497d763606283b174d6a663') in 0.013375 seconds 
  Import took 0.016447 seconds .

========================================================================
Received Import Request.
  Time since last request: 56.060036 seconds.
  path: Assets/Leafs.mat
  artifactKey: Guid(89887d491e99c5742b00f4b4c1c215e2) Importer(815301076,1909f56bfc062723c751e8b465ee728b)
Start importing Assets/Leafs.mat using Guid(89887d491e99c5742b00f4b4c1c215e2) Importer(815301076,1909f56bfc062723c751e8b465ee728b)  -> (artifact id: '4d281317efd788a53195736a21bca0f4') in 0.019297 seconds 
  Import took 0.021760 seconds .

========================================================================
Received Import Request.
  Time since last request: 2103.757843 seconds.
  path: Assets/window.mat
  artifactKey: Guid(4759cb7fd1527384faeac921d33e56e8) Importer(815301076,1909f56bfc062723c751e8b465ee728b)
Start importing Assets/window.mat using Guid(4759cb7fd1527384faeac921d33e56e8) Importer(815301076,1909f56bfc062723c751e8b465ee728b)  -> (artifact id: '2a889a7f3e36e71fd9974e20986ee48f') in 0.040013 seconds 
  Import took 0.043255 seconds .

========================================================================
Received Import Request.
  Time since last request: 27.318036 seconds.
  path: Assets/New Material.mat
  artifactKey: Guid(8976cbc983f581d4999ed9891ee41b56) Importer(815301076,1909f56bfc062723c751e8b465ee728b)
Start importing Assets/New Material.mat using Guid(8976cbc983f581d4999ed9891ee41b56) Importer(815301076,1909f56bfc062723c751e8b465ee728b)  -> (artifact id: 'd881f923e9d0de634828e871769e5228') in 0.033513 seconds 
  Import took 0.035760 seconds .

========================================================================
Received Import Request.
  Time since last request: 65.863941 seconds.
  path: Assets/House.mat
  artifactKey: Guid(8976cbc983f581d4999ed9891ee41b56) Importer(815301076,1909f56bfc062723c751e8b465ee728b)
Start importing Assets/House.mat using Guid(8976cbc983f581d4999ed9891ee41b56) Importer(815301076,1909f56bfc062723c751e8b465ee728b)  -> (artifact id: 'c5bc19d1facfb06daeffdabca0a01078') in 0.033277 seconds 
  Import took 0.035444 seconds .

========================================================================
Received Import Request.
  Time since last request: 94.737413 seconds.
  path: Assets/New Material.mat
  artifactKey: Guid(67f8cd73b620a9746b7eda2da9c760b3) Importer(815301076,1909f56bfc062723c751e8b465ee728b)
Start importing Assets/New Material.mat using Guid(67f8cd73b620a9746b7eda2da9c760b3) Importer(815301076,1909f56bfc062723c751e8b465ee728b)  -> (artifact id: '98fb44b0012972166708b05a66e35b23') in 0.014131 seconds 
  Import took 0.016828 seconds .

========================================================================
Received Import Request.
  Time since last request: 33.819100 seconds.
  path: Assets/Porch.mat
  artifactKey: Guid(67f8cd73b620a9746b7eda2da9c760b3) Importer(815301076,1909f56bfc062723c751e8b465ee728b)
Start importing Assets/Porch.mat using Guid(67f8cd73b620a9746b7eda2da9c760b3) Importer(815301076,1909f56bfc062723c751e8b465ee728b)  -> (artifact id: 'e4a0507c571b077e0ec0c75561afa3bd') in 0.012810 seconds 
  Import took 0.015294 seconds .

========================================================================
Received Import Request.
  Time since last request: 18.465846 seconds.
  path: Assets/Roof.mat
  artifactKey: Guid(8ca1669cb3152de4994f621ec321e728) Importer(815301076,1909f56bfc062723c751e8b465ee728b)
Start importing Assets/Roof.mat using Guid(8ca1669cb3152de4994f621ec321e728) Importer(815301076,1909f56bfc062723c751e8b465ee728b)  -> (artifact id: 'c7ecebb9dc9aa079285d34e5c241ba8c') in 0.035948 seconds 
  Import took 0.038785 seconds .

========================================================================
Received Import Request.
  Time since last request: 21.072783 seconds.
  path: Assets/branch.mat
  artifactKey: Guid(ffb48b950fd0ddf4baed3e2dfc1a5e8c) Importer(815301076,1909f56bfc062723c751e8b465ee728b)
Start importing Assets/branch.mat using Guid(ffb48b950fd0ddf4baed3e2dfc1a5e8c) Importer(815301076,1909f56bfc062723c751e8b465ee728b)  -> (artifact id: '20487b5d343c9a3a5ee6716fd3d14403') in 0.012524 seconds 
  Import took 0.015085 seconds .

========================================================================
Received Import Request.
  Time since last request: 0.000134 seconds.
  path: Assets/Leafs.mat
  artifactKey: Guid(89887d491e99c5742b00f4b4c1c215e2) Importer(815301076,1909f56bfc062723c751e8b465ee728b)
Start importing Assets/Leafs.mat using Guid(89887d491e99c5742b00f4b4c1c215e2) Importer(815301076,1909f56bfc062723c751e8b465ee728b)  -> (artifact id: 'ef4dc54403d3f8ec8b1cd5e8bcd6267f') in 0.020935 seconds 
  Import took 0.023006 seconds .

========================================================================
Received Import Request.
  Time since last request: 0.000238 seconds.
  path: Assets/window.mat
  artifactKey: Guid(4759cb7fd1527384faeac921d33e56e8) Importer(815301076,1909f56bfc062723c751e8b465ee728b)
Start importing Assets/window.mat using Guid(4759cb7fd1527384faeac921d33e56e8) Importer(815301076,1909f56bfc062723c751e8b465ee728b)  -> (artifact id: '11684ba561b482b3b72f6a0aabf9de40') in 0.045475 seconds 
  Import took 0.047648 seconds .

========================================================================
Received Import Request.
  Time since last request: 0.000167 seconds.
  path: Assets/Roof.mat
  artifactKey: Guid(8ca1669cb3152de4994f621ec321e728) Importer(815301076,1909f56bfc062723c751e8b465ee728b)
Start importing Assets/Roof.mat using Guid(8ca1669cb3152de4994f621ec321e728) Importer(815301076,1909f56bfc062723c751e8b465ee728b)  -> (artifact id: '84ad2caeb766fb57abd06c39e26f5ac5') in 0.016681 seconds 
  Import took 0.019326 seconds .

========================================================================
Received Import Request.
  Time since last request: 0.000171 seconds.
  path: Assets/earth.mat
  artifactKey: Guid(a1e413a0f961f2742a60c38360d71a2d) Importer(815301076,1909f56bfc062723c751e8b465ee728b)
Start importing Assets/earth.mat using Guid(a1e413a0f961f2742a60c38360d71a2d) Importer(815301076,1909f56bfc062723c751e8b465ee728b)  -> (artifact id: '3deb465207fdd3c6a4e71911015b2091') in 0.011760 seconds 
  Import took 0.013969 seconds .

AssetImportWorkerClient::OnTransportError - code=2 error=End of file
