Using pre-set license
Built from '2020.3/staging' branch; Version is '2020.3.28f1 (f5400f52e03f) revision 16072719'; Using compiler version '192528614'; Build Type 'Release'
OS: 'Windows 10  (10.0.19044) 64bit CoreSingleLanguage' Language: 'ru' Physical Memory: 16146 MB
BatchMode: 1, IsHumanControllingUs: 0, StartBugReporterOnCrash: 0, Is64bit: 1, IsPro: 0

COMMAND LINE ARGUMENTS:
C:\Program Files\Unity\Hub\Editor\2020.3.28f1\Editor\Unity.exe
-adb2
-batchMode
-noUpm
-name
AssetImportWorker0
-projectPath
C:/Users/bi4ok/first_hw
-logFile
Logs/AssetImportWorker0.log
-srvPort
52898
Successfully changed project path to: C:/Users/bi4ok/first_hw
C:/Users/bi4ok/first_hw
Using Asset Import Pipeline V2.
Refreshing native plugins compatible for Editor in 28.56 ms, found 2 plugins.
Preloading 0 native plugins for Editor in 0.00 ms.
Initialize engine version: 2020.3.28f1 (f5400f52e03f)
[Subsystems] Discovering subsystems at path C:/Program Files/Unity/Hub/Editor/2020.3.28f1/Editor/Data/Resources/UnitySubsystems
[Subsystems] Discovering subsystems at path C:/Users/bi4ok/first_hw/Assets
GfxDevice: creating device client; threaded=0
Direct3D:
    Version:  Direct3D 11.0 [level 11.1]
    Renderer: NVIDIA GeForce RTX 3070 Laptop GPU (ID=0x24dd)
    Vendor:   
    VRAM:     8044 MB
    Driver:   30.0.14.7135
Initialize mono
Mono path[0] = 'C:/Program Files/Unity/Hub/Editor/2020.3.28f1/Editor/Data/Managed'
Mono path[1] = 'C:/Program Files/Unity/Hub/Editor/2020.3.28f1/Editor/Data/MonoBleedingEdge/lib/mono/unityjit'
Mono config path = 'C:/Program Files/Unity/Hub/Editor/2020.3.28f1/Editor/Data/MonoBleedingEdge/etc'
Using monoOptions --debugger-agent=transport=dt_socket,embedding=1,server=y,suspend=n,address=127.0.0.1:56880
Begin MonoManager ReloadAssembly
Registering precompiled unity dll's ...
Register platform support module: C:/Program Files/Unity/Hub/Editor/2020.3.28f1/Editor/Data/PlaybackEngines/WebGLSupport/UnityEditor.WebGL.Extensions.dll
Register platform support module: C:/Program Files/Unity/Hub/Editor/2020.3.28f1/Editor/Data/PlaybackEngines/WindowsStandaloneSupport/UnityEditor.WindowsStandalone.Extensions.dll
Registered in 0.002080 seconds.
Native extension for WindowsStandalone target not found
Native extension for WebGL target not found
Refreshing native plugins compatible for Editor in 27.39 ms, found 2 plugins.
Preloading 0 native plugins for Editor in 0.00 ms.
Mono: successfully reloaded assembly
- Completed reload, in  0.554 seconds
Domain Reload Profiling:
	ReloadAssembly (555ms)
		BeginReloadAssembly (66ms)
			ExecutionOrderSort (0ms)
			DisableScriptedObjects (0ms)
			BackupInstance (0ms)
			ReleaseScriptingObjects (0ms)
			CreateAndSetChildDomain (1ms)
		EndReloadAssembly (420ms)
			LoadAssemblies (65ms)
			RebuildTransferFunctionScriptingTraits (0ms)
			SetupTypeCache (146ms)
			ReleaseScriptCaches (0ms)
			RebuildScriptCaches (28ms)
			SetupLoadedEditorAssemblies (144ms)
				LogAssemblyErrors (0ms)
				InitializePlatformSupportModulesInManaged (5ms)
				SetLoadedEditorAssemblies (0ms)
				RefreshPlugins (27ms)
				BeforeProcessingInitializeOnLoad (7ms)
				ProcessInitializeOnLoadAttributes (78ms)
				ProcessInitializeOnLoadMethodAttributes (26ms)
				AfterProcessingInitializeOnLoad (0ms)
				EditorAssembliesLoaded (0ms)
			ExecutionOrderSort2 (0ms)
			AwakeInstancesAfterBackupRestoration (0ms)
Platform modules already initialized, skipping
Registering precompiled user dll's ...
Registered in 0.004102 seconds.
Begin MonoManager ReloadAssembly
Native extension for WindowsStandalone target not found
Native extension for WebGL target not found
Refreshing native plugins compatible for Editor in 0.29 ms, found 2 plugins.
Preloading 0 native plugins for Editor in 0.00 ms.
Mono: successfully reloaded assembly
- Completed reload, in  0.930 seconds
Domain Reload Profiling:
	ReloadAssembly (931ms)
		BeginReloadAssembly (144ms)
			ExecutionOrderSort (0ms)
			DisableScriptedObjects (4ms)
			BackupInstance (0ms)
			ReleaseScriptingObjects (0ms)
			CreateAndSetChildDomain (16ms)
		EndReloadAssembly (728ms)
			LoadAssemblies (90ms)
			RebuildTransferFunctionScriptingTraits (0ms)
			SetupTypeCache (261ms)
			ReleaseScriptCaches (0ms)
			RebuildScriptCaches (38ms)
			SetupLoadedEditorAssemblies (263ms)
				LogAssemblyErrors (0ms)
				InitializePlatformSupportModulesInManaged (5ms)
				SetLoadedEditorAssemblies (0ms)
				RefreshPlugins (0ms)
				BeforeProcessingInitializeOnLoad (49ms)
				ProcessInitializeOnLoadAttributes (194ms)
				ProcessInitializeOnLoadMethodAttributes (8ms)
				AfterProcessingInitializeOnLoad (6ms)
				EditorAssembliesLoaded (0ms)
			ExecutionOrderSort2 (0ms)
			AwakeInstancesAfterBackupRestoration (6ms)
Platform modules already initialized, skipping
========================================================================
Worker process is ready to serve import requests
Launched and connected shader compiler UnityShaderCompiler.exe after 0.06 seconds
Refreshing native plugins compatible for Editor in 0.51 ms, found 2 plugins.
Preloading 0 native plugins for Editor in 0.00 ms.
Unloading 1502 Unused Serialized files (Serialized files now loaded: 0)
System memory in use before: 67.5 MB.
System memory in use after: 67.6 MB.

Unloading 19 unused Assets to reduce memory usage. Loaded Objects now: 1934.
Total: 2.292600 ms (FindLiveObjects: 0.122000 ms CreateObjectMapping: 0.050700 ms MarkObjects: 2.039600 ms  DeleteObjects: 0.079500 ms)

AssetImportParameters requested are different than current active one (requested -> active):
  custom:framework-win-MediaFoundation: 216162199b28c13a410421893ffa2e32 -> 
  custom:video-decoder-ogg-theora: a1e56fd34408186e4bbccfd4996cb3dc -> 
  custom:container-muxer-webm: aa71ff27fc2769a1b78a27578f13a17b -> 
  custom:container-demuxer-webm: 4f35f7cbe854078d1ac9338744f61a02 -> 
  custom:container-demuxer-ogg: 62fdf1f143b41e24485cea50d1cbac27 -> 
  custom:video-encoder-webm-vp8: eb34c28f22e8b96e1ab97ce403110664 -> 
  custom:video-codec-MediaFoundation-h265: 746d11721c4dcdbdad8f713fa42b33f4 -> 
  custom:video-decoder-webm-vp8: 9c59270c3fd7afecdb556c50c9e8de78 -> 
  custom:audio-decoder-ogg-vorbis: bf7c407c2cedff20999df2af8eb42d56 -> 
  custom:audio-encoder-webm-vorbis: bf7c407c2cedff20999df2af8eb42d56 -> 
========================================================================
Received Import Request.
  path: Assets/gold.mat
  artifactKey: Guid(7eebf19701d864a4d9e84be899cb3ee1) Importer(815301076,1909f56bfc062723c751e8b465ee728b)
Start importing Assets/gold.mat using Guid(7eebf19701d864a4d9e84be899cb3ee1) Importer(815301076,1909f56bfc062723c751e8b465ee728b)  -> (artifact id: '7b1c65b29523b7a83fcb39809927233b') in 0.094596 seconds 
  Import took 0.097635 seconds .

========================================================================
Received Import Request.
  Time since last request: 605.936680 seconds.
  path: Assets/boulder.mat
  artifactKey: Guid(7492962d7e8ac224ba935c3ea962177c) Importer(815301076,1909f56bfc062723c751e8b465ee728b)
Start importing Assets/boulder.mat using Guid(7492962d7e8ac224ba935c3ea962177c) Importer(815301076,1909f56bfc062723c751e8b465ee728b)  -> (artifact id: '6df672c6f98cf52424cd7a3f5e135a18') in 0.017832 seconds 
  Import took 0.020907 seconds .

========================================================================
Received Import Request.
  Time since last request: 1327.049381 seconds.
  path: Assets/wheels.mat
  artifactKey: Guid(108021aa36cdd324fbbf780c093378ac) Importer(815301076,1909f56bfc062723c751e8b465ee728b)
Start importing Assets/wheels.mat using Guid(108021aa36cdd324fbbf780c093378ac) Importer(815301076,1909f56bfc062723c751e8b465ee728b)  -> (artifact id: '7e707c9cf213f903f0d1c3677a91d785') in 0.029416 seconds 
  Import took 0.033423 seconds .

========================================================================
Received Import Request.
  Time since last request: 41.058330 seconds.
  path: Assets/CarPaint.mat
  artifactKey: Guid(cde8a988f9b58ee4a84ae7eec4c1c44b) Importer(815301076,1909f56bfc062723c751e8b465ee728b)
Start importing Assets/CarPaint.mat using Guid(cde8a988f9b58ee4a84ae7eec4c1c44b) Importer(815301076,1909f56bfc062723c751e8b465ee728b)  -> (artifact id: '19215823e0841f8fa037ec015f71f5da') in 0.017868 seconds 
  Import took 0.021080 seconds .

========================================================================
Received Import Request.
  Time since last request: 38.874155 seconds.
  path: Assets/New Material.mat
  artifactKey: Guid(b891113c9df0d8446b4d4b54f74972d5) Importer(815301076,1909f56bfc062723c751e8b465ee728b)
Start importing Assets/New Material.mat using Guid(b891113c9df0d8446b4d4b54f74972d5) Importer(815301076,1909f56bfc062723c751e8b465ee728b)  -> (artifact id: '9a2b3317d01ce17b17978ba7f3b098d4') in 0.037874 seconds 
  Import took 0.052438 seconds .

========================================================================
Received Import Request.
  Time since last request: 33.835602 seconds.
  path: Assets/CarBack.mat
  artifactKey: Guid(b891113c9df0d8446b4d4b54f74972d5) Importer(815301076,1909f56bfc062723c751e8b465ee728b)
Start importing Assets/CarBack.mat using Guid(b891113c9df0d8446b4d4b54f74972d5) Importer(815301076,1909f56bfc062723c751e8b465ee728b)  -> (artifact id: 'fc16ce302e4a9dba982c8a365e5fad9a') in 0.012493 seconds 
  Import took 0.015674 seconds .

========================================================================
Received Import Request.
  Time since last request: 260.413908 seconds.
  path: Assets/MushroomTop.mat
  artifactKey: Guid(ff8a8d1c01fd5a743a7f708565ccc3fa) Importer(815301076,1909f56bfc062723c751e8b465ee728b)
Start importing Assets/MushroomTop.mat using Guid(ff8a8d1c01fd5a743a7f708565ccc3fa) Importer(815301076,1909f56bfc062723c751e8b465ee728b)  -> (artifact id: 'd3071d33eb55a4b36928ac06363cc05d') in 0.016839 seconds 
  Import took 0.022676 seconds .

========================================================================
Received Import Request.
  Time since last request: 29.537617 seconds.
  path: Assets/MushroomDown.mat
  artifactKey: Guid(bf66b88c9abbbfb4e9e152f7308dd04c) Importer(815301076,1909f56bfc062723c751e8b465ee728b)
Start importing Assets/MushroomDown.mat using Guid(bf66b88c9abbbfb4e9e152f7308dd04c) Importer(815301076,1909f56bfc062723c751e8b465ee728b)  -> (artifact id: 'b1851441268c173d34ade15236a0f24a') in 0.019465 seconds 
  Import took 0.022995 seconds .

========================================================================
Received Import Request.
  Time since last request: 777.894828 seconds.
  path: Assets/boulder.mat
  artifactKey: Guid(7492962d7e8ac224ba935c3ea962177c) Importer(815301076,1909f56bfc062723c751e8b465ee728b)
Start importing Assets/boulder.mat using Guid(7492962d7e8ac224ba935c3ea962177c) Importer(815301076,1909f56bfc062723c751e8b465ee728b)  -> (artifact id: '606a4e3a1e745d27bd34cd2b8e32fc20') in 0.027235 seconds 
  Import took 0.030803 seconds .

========================================================================
Received Import Request.
  Time since last request: 0.000186 seconds.
  path: Assets/CarBack.mat
  artifactKey: Guid(b891113c9df0d8446b4d4b54f74972d5) Importer(815301076,1909f56bfc062723c751e8b465ee728b)
Start importing Assets/CarBack.mat using Guid(b891113c9df0d8446b4d4b54f74972d5) Importer(815301076,1909f56bfc062723c751e8b465ee728b)  -> (artifact id: 'b645751a9eba1fdc20077adc239df769') in 0.015881 seconds 
  Import took 0.018923 seconds .

========================================================================
Received Import Request.
  Time since last request: 0.000131 seconds.
  path: Assets/CarPaint.mat
  artifactKey: Guid(cde8a988f9b58ee4a84ae7eec4c1c44b) Importer(815301076,1909f56bfc062723c751e8b465ee728b)
Start importing Assets/CarPaint.mat using Guid(cde8a988f9b58ee4a84ae7eec4c1c44b) Importer(815301076,1909f56bfc062723c751e8b465ee728b)  -> (artifact id: 'a6889b6a11d8fb9e13030cbb301bd455') in 0.013670 seconds 
  Import took 0.016505 seconds .

========================================================================
Received Import Request.
  Time since last request: 0.000379 seconds.
  path: Assets/MushroomDown.mat
  artifactKey: Guid(bf66b88c9abbbfb4e9e152f7308dd04c) Importer(815301076,1909f56bfc062723c751e8b465ee728b)
Start importing Assets/MushroomDown.mat using Guid(bf66b88c9abbbfb4e9e152f7308dd04c) Importer(815301076,1909f56bfc062723c751e8b465ee728b)  -> (artifact id: 'da2bf6b6cc8cd5dddca5d8d43744817e') in 0.012222 seconds 
  Import took 0.015638 seconds .

========================================================================
Received Import Request.
  Time since last request: 0.000168 seconds.
  path: Assets/MushroomTop.mat
  artifactKey: Guid(ff8a8d1c01fd5a743a7f708565ccc3fa) Importer(815301076,1909f56bfc062723c751e8b465ee728b)
Start importing Assets/MushroomTop.mat using Guid(ff8a8d1c01fd5a743a7f708565ccc3fa) Importer(815301076,1909f56bfc062723c751e8b465ee728b)  -> (artifact id: 'a8dcd1bd2d16d4b68573c9b54e2e304b') in 0.018650 seconds 
  Import took 0.021220 seconds .

========================================================================
Received Import Request.
  Time since last request: 0.000172 seconds.
  path: Assets/gold.mat
  artifactKey: Guid(7eebf19701d864a4d9e84be899cb3ee1) Importer(815301076,1909f56bfc062723c751e8b465ee728b)
Start importing Assets/gold.mat using Guid(7eebf19701d864a4d9e84be899cb3ee1) Importer(815301076,1909f56bfc062723c751e8b465ee728b)  -> (artifact id: '1d347229a91650ae13be52b7378904aa') in 0.010705 seconds 
  Import took 0.013615 seconds .

========================================================================
Received Import Request.
  Time since last request: 0.000169 seconds.
  path: Assets/wheels.mat
  artifactKey: Guid(108021aa36cdd324fbbf780c093378ac) Importer(815301076,1909f56bfc062723c751e8b465ee728b)
Start importing Assets/wheels.mat using Guid(108021aa36cdd324fbbf780c093378ac) Importer(815301076,1909f56bfc062723c751e8b465ee728b)  -> (artifact id: 'f64f5443db688d2a1019d2f36a4b344f') in 0.009884 seconds 
  Import took 0.012866 seconds .

AssetImportWorkerClient::OnTransportError - code=2 error=End of file
